Epoch	Iteration	Training Time	Validation Time	Training MNLL	Training Count MSE	Validation MNLL	Validation Profile Pearson	Validation Count Pearson	Validation Count MSE	Saved?
0	0	2.214301347732544	0.7853009700775146	260.20404052734375	11.42661190032959	230.9262237548828	0.17824224	-0.053167664	0.8965188264846802	True
0	100	3.064103126525879	0.26308488845825195	228.01736450195312	0.7805089950561523	135.05233764648438	0.21894582	-0.07828019	1.477243185043335	True
0	200	2.532848358154297	0.27025485038757324	215.82928466796875	0.7845893502235413	134.91993713378906	0.22502965	-0.07310289	1.4792571067810059	True
0	300	2.5372416973114014	0.26311635971069336	237.65382385253906	0.8909682035446167	134.312255859375	0.22697046	0.05432999	1.6968955993652344	True
1	400	1.7110059261322021	0.2079014778137207	217.21865844726562	0.8518899083137512	134.05621337890625	0.22794311	0.1421882	1.5236122608184814	True
1	500	2.1581544876098633	0.1862328052520752	214.96002197265625	0.835435152053833	133.55868530273438	0.22921251	0.19765079	1.5002245903015137	True
1	600	2.45762038230896	0.1824486255645752	219.04151916503906	0.6431262493133545	133.5810089111328	0.23012505	0.29629165	1.4180047512054443	True
2	700	1.1824021339416504	0.18088078498840332	217.45860290527344	0.7146911025047302	132.6798858642578	0.23214228	0.37931037	1.7600256204605103	True
2	800	2.4571192264556885	0.18412113189697266	209.8544921875	0.45267167687416077	132.28038024902344	0.23442721	0.425511	1.3628833293914795	True
2	900	2.458566427230835	0.19095802307128906	199.20968627929688	0.5706337690353394	132.30734252929688	0.23637852	0.4511391	1.0742489099502563	True
3	1000	0.6460392475128174	0.20080828666687012	223.8364715576172	0.5650245547294617	131.78843688964844	0.23799127	0.47084445	1.1552112102508545	True
3	1100	2.4623916149139404	0.1859734058380127	206.49562072753906	0.46609020233154297	131.6432342529297	0.2386099	0.4851123	1.349260687828064	False
3	1200	2.418401002883911	0.18963265419006348	234.32498168945312	0.5850306153297424	131.44320678710938	0.2398482	0.48470366	1.3723680973052979	True
4	1300	0.10909295082092285	0.1836087703704834	212.8814239501953	0.4842897951602936	131.4686279296875	0.23952442	0.4976079	1.1722544431686401	True
4	1400	2.4606850147247314	0.1838529109954834	221.48687744140625	0.6460837721824646	131.51416015625	0.240489	0.5038443	1.1534509658813477	False
4	1500	2.4045841693878174	0.1817622184753418	233.52078247070312	0.5008103847503662	131.2147979736328	0.24158312	0.5052726	1.1721142530441284	True
4	1600	2.451749563217163	0.18643760681152344	195.12991333007812	0.43560194969177246	131.1350860595703	0.24222486	0.5110389	1.1413891315460205	True
5	1700	1.803403615951538	0.206984281539917	215.22567749023438	0.5066612958908081	130.97268676757812	0.24288465	0.5115379	1.1359750032424927	True
5	1800	2.4686925411224365	0.19265341758728027	208.18191528320312	0.5438188314437866	131.174072265625	0.24217457	0.5103277	1.44057297706604	False
5	1900	2.417043924331665	0.19032502174377441	220.76080322265625	0.4215097427368164	130.9690399169922	0.24344073	0.5201527	1.116835117340088	True
6	2000	1.271489143371582	0.1826469898223877	218.33944702148438	0.5645663738250732	131.35531616210938	0.24337783	0.5230906	1.088127851486206	False
6	2100	2.4180943965911865	0.18978428840637207	207.70556640625	0.5989363193511963	130.9691162109375	0.24374183	0.52488875	1.0372507572174072	True
6	2200	2.467808723449707	0.18641424179077148	210.95611572265625	0.5061177015304565	131.0891571044922	0.24318488	0.5347434	1.1865051984786987	False
7	2300	0.728473424911499	0.1823437213897705	204.3842010498047	0.6593608856201172	130.62147521972656	0.2454246	0.5312951	1.3604105710983276	True
7	2400	2.4614341259002686	0.1887054443359375	214.17947387695312	0.6639134883880615	130.84381103515625	0.24399285	0.5339639	1.2953441143035889	False
7	2500	2.4187698364257812	0.19115829467773438	215.9078826904297	0.4528005123138428	130.82582092285156	0.24413978	0.5423869	1.1271528005599976	True
8	2600	0.08646035194396973	0.10005402565002441	210.19781494140625	0.5529012680053711	130.69960021972656	0.24508607	0.54016495	1.2173339128494263	True
8	2700	2.3745615482330322	0.18751287460327148	219.44334411621094	0.5089285969734192	130.67385864257812	0.24519508	0.5404504	1.4363666772842407	False
8	2800	2.410890579223633	0.18254971504211426	213.66818237304688	0.5694757699966431	130.8590087890625	0.24501546	0.53666395	1.5339322090148926	False
8	2900	2.4119420051574707	0.1833178997039795	218.5309295654297	0.5537521839141846	130.8134307861328	0.2461152	0.5439296	1.1268424987792969	False
9	3000	1.8975448608398438	0.1871328353881836	220.01739501953125	0.532977819442749	130.7725830078125	0.24596742	0.5489556	1.3354250192642212	False
9	3100	2.4149982929229736	0.1837606430053711	228.43637084960938	0.5862402319908142	130.68850708007812	0.24671738	0.5391228	1.11461341381073	True
9	3200	2.4547901153564453	0.18455791473388672	220.93392944335938	0.5878049731254578	130.8281707763672	0.2466267	0.54368716	0.9736877679824829	True
10	3300	1.3605384826660156	0.19274497032165527	213.29415893554688	0.4968685209751129	130.72752380371094	0.24474984	0.5505758	1.0034987926483154	True
10	3400	2.461764335632324	0.1916353702545166	206.37701416015625	0.4958818554878235	130.62599182128906	0.24618717	0.555217	1.3549094200134277	False
10	3500	2.418177843093872	0.1870577335357666	207.3829345703125	0.4072292149066925	130.63467407226562	0.24573807	0.5518777	1.2494394779205322	False
11	3600	0.8241896629333496	0.18698406219482422	204.62985229492188	0.45222145318984985	130.78062438964844	0.24669372	0.55763257	1.1545343399047852	False
11	3700	2.398735761642456	0.19881820678710938	214.0614013671875	0.6256527900695801	130.6797332763672	0.24596357	0.5500878	1.043225646018982	True
11	3800	2.46576189994812	0.1831510066986084	217.0910186767578	0.4149740934371948	130.6841583251953	0.24567759	0.5580354	1.1411831378936768	False
12	3900	0.2904849052429199	0.18566179275512695	225.83340454101562	0.427412748336792	130.5333709716797	0.24629474	0.5600029	1.298972249031067	False
12	4000	2.4146456718444824	0.18239498138427734	233.53091430664062	0.5439709424972534	130.70419311523438	0.24639034	0.5650385	1.4093670845031738	False
12	4100	2.3951869010925293	0.1824970245361328	227.56631469726562	0.5221819877624512	130.50343322753906	0.24706452	0.56288815	1.1901735067367554	True
12	4200	2.4514272212982178	0.18594861030578613	212.13046264648438	0.4934162497520447	130.6712646484375	0.24750744	0.5619361	1.1999565362930298	False
13	4300	1.6157562732696533	0.18454384803771973	204.86831665039062	0.6177089214324951	130.5106964111328	0.24741861	0.5659098	1.2665934562683105	False
13	4400	2.3980650901794434	0.184187650680542	220.63577270507812	0.4346926212310791	130.4032745361328	0.24720366	0.56385434	1.260285496711731	True
13	4500	2.4581191539764404	0.18536901473999023	196.8328094482422	0.5120967030525208	130.64224243164062	0.2468281	0.558766	1.2379088401794434	False
14	4600	1.436316967010498	0.19052433967590332	195.9234619140625	0.41546499729156494	130.8524627685547	0.24642819	0.5651886	1.1964116096496582	False
14	4700	2.4079248905181885	0.19348764419555664	205.59388732910156	0.5181354284286499	130.67733764648438	0.2461831	0.5664861	1.0583351850509644	False
14	4800	2.413914680480957	0.18598461151123047	207.90406799316406	0.5129268765449524	130.63211059570312	0.2446065	0.56491256	1.1128616333007812	False
15	4900	0.9058022499084473	0.19494009017944336	212.50494384765625	0.4659161865711212	130.5474090576172	0.24587235	0.5701688	1.3486409187316895	False
15	5000	2.406938314437866	0.1906266212463379	214.0804443359375	0.5324499607086182	130.86373901367188	0.24640122	0.57002497	1.1931496858596802	False
15	5100	2.4112863540649414	0.1935269832611084	204.03872680664062	0.38001200556755066	130.50460815429688	0.24692811	0.5734024	1.215406894683838	False
16	5200	0.3745603561401367	0.19306278228759766	218.28292846679688	0.5392853021621704	130.5822296142578	0.24689414	0.5724821	0.9773613214492798	True
16	5300	2.4675331115722656	0.18754076957702637	216.09768676757812	0.4712548851966858	130.42288208007812	0.24732776	0.57191414	1.128100872039795	True
16	5400	2.461773157119751	0.18259835243225098	224.77166748046875	0.44682440161705017	130.6137237548828	0.24618934	0.57529247	1.0193705558776855	False
16	5500	2.407930612564087	0.1808159351348877	220.91595458984375	0.4469687044620514	130.5748748779297	0.24658097	0.5777492	1.4411269426345825	False
17	5600	2.071445941925049	0.18265533447265625	208.52902221679688	0.4632721543312073	130.43576049804688	0.24748889	0.5757923	0.9709666967391968	True
17	5700	2.4558286666870117	0.18423056602478027	212.02569580078125	0.4196892976760864	130.46115112304688	0.24658038	0.5707488	0.9900891780853271	False
17	5800	2.4134087562561035	0.18450069427490234	206.78952026367188	0.5877871513366699	130.4857635498047	0.24701352	0.57478	1.0496137142181396	False
18	5900	1.5304875373840332	0.1825389862060547	220.29444885253906	0.5809133648872375	130.43673706054688	0.24709964	0.5753621	1.2325947284698486	False
18	6000	2.3982484340667725	0.18518352508544922	191.87841796875	0.49049603939056396	130.7717742919922	0.24652368	0.57489645	1.099128007888794	False
18	6100	2.405564546585083	0.18430209159851074	207.79733276367188	0.3788670599460602	130.88525390625	0.24721198	0.5818402	1.004233956336975	False
19	6200	0.9960987567901611	0.18480396270751953	232.85496520996094	0.6081365942955017	130.6141815185547	0.24589539	0.5831227	1.2340123653411865	False
19	6300	2.396738052368164	0.19202804565429688	219.08685302734375	0.49673619866371155	130.63172912597656	0.24533267	0.57917523	1.3538365364074707	False
19	6400	2.413686752319336	0.18455100059509277	216.92929077148438	0.5093207359313965	130.47772216796875	0.24650416	0.5791208	1.2279928922653198	False
20	6500	0.4642667770385742	0.20133471488952637	227.89654541015625	0.4435270428657532	130.4638671875	0.24712966	0.5756766	1.167162537574768	False
20	6600	2.412829637527466	0.1866285800933838	208.68109130859375	0.4366649389266968	130.72779846191406	0.24623336	0.58412397	1.267661690711975	False
20	6700	2.4078311920166016	0.19497108459472656	223.6818084716797	0.3899480104446411	130.91696166992188	0.24618456	0.58266234	1.171306848526001	False
20	6800	2.4081130027770996	0.19362425804138184	210.5323944091797	0.5382626056671143	130.65940856933594	0.2450106	0.5845617	0.9728834629058838	False
21	6900	2.1621923446655273	0.20186185836791992	223.69403076171875	0.5283486843109131	130.54544067382812	0.24572535	0.5827929	1.0376348495483398	False
21	7000	2.4319183826446533	0.1988222599029541	218.30398559570312	0.6366167068481445	130.62783813476562	0.2457285	0.58018494	1.2439606189727783	False
21	7100	2.421090841293335	0.18665719032287598	208.13040161132812	0.4164320230484009	130.77272033691406	0.24416189	0.58150405	1.0252139568328857	False
22	7200	1.6186013221740723	0.19874334335327148	219.10494995117188	0.5387380719184875	130.7823486328125	0.24517888	0.5801089	1.1744407415390015	False
22	7300	2.425601005554199	0.19761443138122559	208.5584716796875	0.5346692800521851	130.63865661621094	0.24533087	0.5834176	1.2441664934158325	False
22	7400	2.4349470138549805	0.18978500366210938	227.9479522705078	0.5841751098632812	130.74513244628906	0.24457332	0.58546066	1.380624532699585	False
23	7500	1.0904676914215088	0.18766450881958008	214.4122314453125	0.4494781494140625	130.88330078125	0.24429059	0.589327	1.138843297958374	False
23	7600	2.4107818603515625	0.18260478973388672	208.33145141601562	0.4065667688846588	130.6461944580078	0.24513441	0.5852089	1.0390210151672363	False
23	7700	2.4076714515686035	0.18301725387573242	223.07669067382812	0.47712501883506775	130.78274536132812	0.2448948	0.5849949	1.1741403341293335	False
24	7800	0.5568416118621826	0.1828608512878418	195.30447387695312	0.43011391162872314	131.24151611328125	0.24266978	0.5896139	1.202618956565857	False
24	7900	2.4058797359466553	0.1809217929840088	219.1907958984375	0.44934117794036865	131.0470733642578	0.24368788	0.58385336	1.273176670074463	False
24	8000	2.4021260738372803	0.182661771774292	224.581298828125	0.5078686475753784	130.79859924316406	0.24395365	0.58637094	1.0097482204437256	False
25	8100	0.018198490142822266	0.18471169471740723	199.4017333984375	0.5102465152740479	130.78330993652344	0.24382249	0.59089875	1.2589930295944214	False
25	8200	2.400543451309204	0.18404603004455566	224.057861328125	0.43405529856681824	131.04837036132812	0.24185745	0.58902276	1.3663434982299805	False
25	8300	2.408146619796753	0.18610882759094238	222.18917846679688	0.4488270878791809	130.93605041503906	0.24271575	0.5866127	1.22136390209198	False
25	8400	2.4094173908233643	0.18395519256591797	216.519775390625	0.3620849847793579	131.16612243652344	0.24303369	0.59240615	1.1505590677261353	False
26	8500	1.7028179168701172	0.18360161781311035	209.23312377929688	0.39334559440612793	130.9305419921875	0.24247071	0.5894074	1.0365082025527954	False
26	8600	2.3984639644622803	0.1838538646697998	227.0388946533203	0.3902539908885956	130.83206176757812	0.2436052	0.58837235	1.1473097801208496	False
26	8700	2.396188974380493	0.18347549438476562	234.70228576660156	0.45519277453422546	130.84188842773438	0.24302576	0.59145	1.1597530841827393	False
27	8800	1.173950433731079	0.18379545211791992	211.9908447265625	0.4330941438674927	130.96437072753906	0.2427674	0.58932906	1.224846363067627	False
27	8900	2.396874189376831	0.182023286819458	199.99453735351562	0.4485606551170349	130.75991821289062	0.24331811	0.5813209	1.25358247756958	False
27	9000	2.398866891860962	0.1818845272064209	220.81365966796875	0.6012074947357178	130.912109375	0.24241932	0.5905958	1.1456358432769775	False
28	9100	0.6445236206054688	0.18171429634094238	191.31976318359375	0.5249788165092468	131.03965759277344	0.24177042	0.5947094	0.9796932935714722	False
28	9200	2.4004502296447754	0.18219971656799316	209.02203369140625	0.5391651391983032	131.108642578125	0.24102907	0.59098846	1.2444576025009155	False
28	9300	2.409390926361084	0.18814349174499512	201.18179321289062	0.3813616931438446	131.06158447265625	0.24078272	0.59262514	1.0725245475769043	False
29	9400	0.10989689826965332	0.1814439296722412	213.49917602539062	0.4377024173736572	131.06568908691406	0.24064137	0.58499706	1.0899293422698975	False
29	9500	2.4121689796447754	0.1833937168121338	200.18899536132812	0.43246525526046753	131.18544006347656	0.24062659	0.5892759	1.02984619140625	False
29	9600	2.403608798980713	0.18399667739868164	211.41827392578125	0.6141425371170044	131.0341339111328	0.24089025	0.5908617	0.9965581893920898	False
29	9700	2.4057230949401855	0.1857447624206543	202.23373413085938	0.42313671112060547	131.29286193847656	0.2395366	0.5883163	1.125671148300171	False
30	9800	1.8010284900665283	0.1857001781463623	206.81903076171875	0.42945683002471924	131.37767028808594	0.23932472	0.5928334	1.1571550369262695	False
30	9900	2.4082417488098145	0.19799208641052246	224.53048706054688	0.4164462685585022	131.1772003173828	0.24030213	0.5899111	1.103039026260376	False
30	10000	2.4214041233062744	0.1856694221496582	222.08139038085938	0.47014760971069336	131.12478637695312	0.24032536	0.59174466	1.1691960096359253	False
31	10100	0.9092137813568115	0.18586993217468262	235.23336791992188	0.4664432406425476	131.45777893066406	0.23971635	0.59007776	1.1674399375915527	False
31	10200	2.4028396606445312	0.20111298561096191	195.8535614013672	0.5172497034072876	131.21971130371094	0.23974201	0.5905235	1.1203809976577759	False
31	10300	2.4255623817443848	0.19310522079467773	203.9542694091797	0.4522475302219391	131.5331268310547	0.23918553	0.5852914	1.0467709302902222	False
32	10400	0.733518123626709	0.19057011604309082	218.4035186767578	0.5040942430496216	131.459716796875	0.23969398	0.5912305	0.9990982413291931	False
32	10500	2.414534091949463	0.193115234375	193.5191650390625	0.4461858570575714	131.3625030517578	0.23834719	0.58884704	1.0804550647735596	False
32	10600	2.4132297039031982	0.18680691719055176	222.8270263671875	0.4298763871192932	131.7035369873047	0.23828235	0.59286606	1.3399560451507568	False
33	10700	0.2001936435699463	0.19036030769348145	213.41473388671875	0.4660155773162842	131.41734313964844	0.23817293	0.59310067	1.1650502681732178	False
33	10800	2.4087002277374268	0.1963651180267334	212.27914428710938	0.48559460043907166	131.3134002685547	0.23806113	0.5934756	1.1824963092803955	False
33	10900	2.4273033142089844	0.19051480293273926	205.07144165039062	0.48497575521469116	131.49447631835938	0.2376242	0.59060204	1.141986608505249	False
33	11000	2.4231560230255127	0.18677067756652832	209.14122009277344	0.4848480224609375	131.43447875976562	0.23751785	0.59029245	0.9264616370201111	False
34	11100	1.8973019123077393	0.18293070793151855	219.2025604248047	0.4452294111251831	131.7624053955078	0.23822714	0.59211135	1.0216413736343384	False
34	11200	2.4167163372039795	0.18258929252624512	194.3319091796875	0.38169732689857483	131.85447692871094	0.23681986	0.5908879	1.1412535905838013	False
34	11300	2.4101216793060303	0.18248319625854492	211.56707763671875	0.4339176416397095	131.4547882080078	0.23792769	0.5916164	1.1805756092071533	False
35	11400	1.3601267337799072	0.1828904151916504	209.516357421875	0.5863187313079834	131.48321533203125	0.2369323	0.58937097	0.9611655473709106	False
35	11500	2.4162609577178955	0.18759417533874512	215.4560089111328	0.5112797021865845	131.58151245117188	0.23661038	0.5921293	1.0963923931121826	False
35	11600	2.4137065410614014	0.1819612979888916	191.89178466796875	0.3801630139350891	131.71060180664062	0.23732065	0.5890577	1.0674811601638794	False
36	11700	0.8211429119110107	0.18367552757263184	213.1551513671875	0.49446505308151245	131.54559326171875	0.2367339	0.5924744	0.8506379723548889	False
36	11800	2.4118576049804688	0.1834416389465332	205.92742919921875	0.5697089433670044	131.6497344970703	0.2356061	0.59389037	1.405624508857727	False
36	11900	2.4137237071990967	0.18381834030151367	216.870849609375	0.4541715681552887	131.4467010498047	0.23579027	0.5913344	1.0502936840057373	False
37	12000	0.2859377861022949	0.1888594627380371	216.99514770507812	0.40221208333969116	131.56732177734375	0.23761366	0.59255445	1.0812493562698364	False
37	12100	2.419567108154297	0.19960808753967285	213.3263702392578	0.4163498282432556	131.43035888671875	0.23706819	0.5934973	1.133713722229004	False
37	12200	2.422119140625	0.1946418285369873	217.2350311279297	0.5420116186141968	131.51290893554688	0.23559316	0.59195626	1.3177320957183838	False
37	12300	2.4233176708221436	0.1976912021636963	221.03646850585938	0.42120856046676636	131.56617736816406	0.23592308	0.590768	1.1352753639221191	False
38	12400	1.9810740947723389	0.18822002410888672	201.54055786132812	0.4767107367515564	131.6221923828125	0.23563924	0.59039426	0.8980842232704163	False
38	12500	2.4154176712036133	0.19977235794067383	203.95413208007812	0.45124754309654236	131.6868438720703	0.2354467	0.59404045	1.1675595045089722	False
38	12600	2.4251718521118164	0.19788479804992676	209.48422241210938	0.4326576590538025	131.6687469482422	0.23582093	0.5929452	1.0858511924743652	False
39	12700	1.449254035949707	0.18613457679748535	220.4933624267578	0.46226197481155396	131.7823028564453	0.23503746	0.5930463	1.218131422996521	False
39	12800	2.4143471717834473	0.19353246688842773	212.2190704345703	0.41552478075027466	131.61122131347656	0.23581603	0.5932198	1.3363802433013916	False
39	12900	2.4275591373443604	0.18534016609191895	206.21511840820312	0.41595888137817383	131.66275024414062	0.23542038	0.5921639	1.1489455699920654	False
40	13000	0.9155874252319336	0.18322396278381348	214.54234313964844	0.4189538359642029	131.55271911621094	0.23534572	0.5886179	1.1142208576202393	False
40	13100	2.417226552963257	0.1823744773864746	211.24578857421875	0.39900848269462585	131.67059326171875	0.23378609	0.592927	1.42256760597229	False
40	13200	2.4100701808929443	0.14700675010681152	208.70205688476562	0.4243186414241791	131.77816772460938	0.23370582	0.5945012	1.231129765510559	False
41	13300	0.37584805488586426	0.18387842178344727	205.21524047851562	0.4434696435928345	131.8155975341797	0.23281536	0.5893134	0.9126261472702026	False
41	13400	2.4143056869506836	0.1871793270111084	221.3592071533203	0.4017515182495117	131.9156036376953	0.23418936	0.5842434	1.1108133792877197	False
41	13500	2.4128711223602295	0.18448853492736816	218.13967895507812	0.39179569482803345	131.74497985839844	0.2340512	0.5917442	1.2394449710845947	False
41	13600	2.409620761871338	0.18366217613220215	205.75894165039062	0.3964930772781372	131.8146209716797	0.23377405	0.58812493	0.9961379170417786	False
42	13700	2.073580741882324	0.1833667755126953	230.2377166748047	0.40050625801086426	132.1809844970703	0.23369534	0.5901061	1.2071118354797363	False
42	13800	2.4117841720581055	0.18146944046020508	234.841064453125	0.5982478857040405	132.03787231445312	0.23293439	0.59298694	1.0012779235839844	False
42	13900	2.414623975753784	0.18382835388183594	231.02288818359375	0.5298029184341431	131.9615478515625	0.23426929	0.5940505	1.1930763721466064	False
43	14000	1.5383501052856445	0.18387055397033691	223.40098571777344	0.5118232369422913	132.0221405029297	0.23287512	0.59137994	0.9694769978523254	False
43	14100	2.415672779083252	0.18616151809692383	223.15908813476562	0.4596973657608032	131.77293395996094	0.23304832	0.58885276	1.0922648906707764	False
43	14200	2.413119316101074	0.18633532524108887	218.41455078125	0.38621029257774353	132.13140869140625	0.23206328	0.59186023	1.1126983165740967	False
44	14300	1.000847339630127	0.2080695629119873	223.4810791015625	0.41877180337905884	131.9894256591797	0.23239456	0.5921912	1.1639297008514404	False
44	14400	2.428551197052002	0.1935582160949707	194.6883544921875	0.3733169734477997	131.89984130859375	0.23265064	0.5909363	1.3209902048110962	False
44	14500	2.4232048988342285	0.2006239891052246	212.7396240234375	0.33543166518211365	131.92498779296875	0.23244925	0.58967495	1.0744192600250244	False
45	14600	0.46349334716796875	0.18654513359069824	213.51161193847656	0.4289912283420563	131.8235626220703	0.23248054	0.58669364	1.0680748224258423	False
45	14700	2.418339490890503	0.19417262077331543	199.4806671142578	0.4256390333175659	132.02572631835938	0.23245032	0.58848596	1.092392086982727	False
45	14800	2.4197239875793457	0.19765973091125488	205.44369506835938	0.6204360723495483	132.16925048828125	0.23263298	0.5885433	1.1685380935668945	False
45	14900	2.4218873977661133	0.1828775405883789	207.17703247070312	0.4856540858745575	132.0447998046875	0.23169336	0.59052527	0.9756807088851929	False
46	15000	2.1524317264556885	0.18265938758850098	218.09457397460938	0.5428546667098999	132.0146942138672	0.23159283	0.5881745	1.0339998006820679	False
46	15100	2.4173948764801025	0.1823129653930664	198.55328369140625	0.3968334197998047	131.8764190673828	0.23198187	0.58988893	1.3424370288848877	False
46	15200	2.4066662788391113	0.18221259117126465	214.4906463623047	0.4351431727409363	131.99208068847656	0.23221035	0.59142125	1.055497169494629	False
47	15300	1.6321396827697754	0.18334746360778809	201.912353515625	0.5498687028884888	131.9647674560547	0.23215163	0.59185183	1.3574504852294922	False
47	15400	2.078899621963501	0.16149091720581055	220.7694091796875	0.5664228200912476	131.94464111328125	0.23278384	0.5904061	1.1152790784835815	False
47	15500	2.3889331817626953	0.18139433860778809	203.08151245117188	0.5119132995605469	131.8960723876953	0.23218343	0.5871637	1.1058647632598877	False
48	15600	1.095698356628418	0.18352460861206055	206.0361328125	0.4089888632297516	132.56993103027344	0.23076452	0.5893566	1.0116925239562988	False
48	15700	2.4051597118377686	0.18382668495178223	201.0553436279297	0.4145500063896179	132.0440216064453	0.23124911	0.5922413	1.0663740634918213	False
48	15800	2.412705898284912	0.1868433952331543	212.53128051757812	0.3672527074813843	132.16232299804688	0.23078875	0.58738494	1.0989882946014404	False
49	15900	0.5538284778594971	0.18451523780822754	208.81222534179688	0.33541440963745117	132.00425720214844	0.23064263	0.5901477	1.0370030403137207	False
49	16000	2.4059526920318604	0.18293452262878418	192.61196899414062	0.3350943922996521	132.4101104736328	0.23050296	0.5921893	1.082685947418213	False
49	16100	2.4209070205688477	0.18521928787231445	193.1114959716797	0.43548113107681274	132.04998779296875	0.2314145	0.5907923	1.3117947578430176	False
